0:0:0:0:0:0:0:1 - - [05/Nov/2016:23:55:04 +0800] "POST /logincheck HTTP/1.1" 200 2230
0:0:0:0:0:0:0:1 - - [05/Nov/2016:23:55:04 +0800] "GET /myCSS/init.css HTTP/1.1" 304 -
0:0:0:0:0:0:0:1 - - [05/Nov/2016:23:55:04 +0800] "GET /myCSS/mainPage.css HTTP/1.1" 304 -
0:0:0:0:0:0:0:1 - - [05/Nov/2016:23:55:04 +0800] "GET /myJavascript/setNavFontSize.js HTTP/1.1" 304 -
0:0:0:0:0:0:0:1 - - [05/Nov/2016:23:55:04 +0800] "GET /html/query.html HTTP/1.1" 304 -
0:0:0:0:0:0:0:1 - - [05/Nov/2016:23:55:04 +0800] "GET /myCSS/titleNav.css HTTP/1.1" 304 -
0:0:0:0:0:0:0:1 - - [05/Nov/2016:23:55:04 +0800] "GET /myCSS/myTable.css HTTP/1.1" 304 -
0:0:0:0:0:0:0:1 - - [05/Nov/2016:23:55:04 +0800] "GET /myCSS/myInput.css HTTP/1.1" 304 -
0:0:0:0:0:0:0:1 - - [05/Nov/2016:23:55:05 +0800] "GET /favicon.ico HTTP/1.1" 200 946
0:0:0:0:0:0:0:1 - - [05/Nov/2016:23:55:08 +0800] "GET /html/queryItem.do?itemCode=&itemName=%E5%90%8D%E7%A7%B00 HTTP/1.1" 404 306
0:0:0:0:0:0:0:1 - - [05/Nov/2016:23:58:50 +0800] "GET /storage/history.html HTTP/1.1" 404 306
0:0:0:0:0:0:0:1 - - [05/Nov/2016:23:58:51 +0800] "GET /apply/history.html HTTP/1.1" 404 306
0:0:0:0:0:0:0:1 - - [05/Nov/2016:23:58:52 +0800] "GET /borrow/history.html HTTP/1.1" 404 306
0:0:0:0:0:0:0:1 - - [05/Nov/2016:23:58:52 +0800] "GET /log/log.html HTTP/1.1" 404 306
0:0:0:0:0:0:0:1 - - [05/Nov/2016:23:58:52 +0800] "GET /message/message.html HTTP/1.1" 404 306
0:0:0:0:0:0:0:1 - - [05/Nov/2016:23:58:53 +0800] "GET /borrow/history.html HTTP/1.1" 404 306
0:0:0:0:0:0:0:1 - - [05/Nov/2016:23:58:54 +0800] "GET /apply/history.html HTTP/1.1" 404 306
0:0:0:0:0:0:0:1 - - [05/Nov/2016:23:58:54 +0800] "GET /storage/history.html HTTP/1.1" 404 306
0:0:0:0:0:0:0:1 - - [05/Nov/2016:23:58:54 +0800] "GET /query.html HTTP/1.1" 404 306
0:0:0:0:0:0:0:1 - - [05/Nov/2016:23:58:55 +0800] "GET /query.html HTTP/1.1" 404 306
0:0:0:0:0:0:0:1 - - [05/Nov/2016:23:58:56 +0800] "GET /query.html HTTP/1.1" 404 306
0:0:0:0:0:0:0:1 - - [05/Nov/2016:23:58:57 +0800] "GET /query.html HTTP/1.1" 404 306
0:0:0:0:0:0:0:1 - - [05/Nov/2016:23:59:00 +0800] "GET /query.html HTTP/1.1" 404 306
0:0:0:0:0:0:0:1 - - [05/Nov/2016:23:59:51 +0800] "GET /storage/history.html HTTP/1.1" 404 306
0:0:0:0:0:0:0:1 - - [05/Nov/2016:23:59:51 +0800] "GET /apply/history.html HTTP/1.1" 404 306
0:0:0:0:0:0:0:1 - - [05/Nov/2016:23:59:54 +0800] "POST /logincheck HTTP/1.1" 200 2254
0:0:0:0:0:0:0:1 - - [05/Nov/2016:23:59:54 +0800] "GET /myCSS/mainPage.css HTTP/1.1" 304 -
0:0:0:0:0:0:0:1 - - [05/Nov/2016:23:59:54 +0800] "GET /myJavascript/setNavFontSize.js HTTP/1.1" 304 -
0:0:0:0:0:0:0:1 - - [05/Nov/2016:23:59:54 +0800] "GET /myCSS/init.css HTTP/1.1" 304 -
0:0:0:0:0:0:0:1 - - [05/Nov/2016:23:59:54 +0800] "GET /html/query.html HTTP/1.1" 304 -
0:0:0:0:0:0:0:1 - - [05/Nov/2016:23:59:54 +0800] "GET /myCSS/myTable.css HTTP/1.1" 304 -
0:0:0:0:0:0:0:1 - - [05/Nov/2016:23:59:54 +0800] "GET /myCSS/titleNav.css HTTP/1.1" 304 -
0:0:0:0:0:0:0:1 - - [05/Nov/2016:23:59:54 +0800] "GET /myCSS/myInput.css HTTP/1.1" 304 -
0:0:0:0:0:0:0:1 - - [05/Nov/2016:23:59:55 +0800] "GET /favicon.ico HTTP/1.1" 200 946
0:0:0:0:0:0:0:1 - - [05/Nov/2016:23:59:55 +0800] "GET /html/borrow/history.html HTTP/1.1" 200 1398
0:0:0:0:0:0:0:1 - - [05/Nov/2016:23:59:56 +0800] "GET /static/myCSS/titleNav.css HTTP/1.1" 404 140
0:0:0:0:0:0:0:1 - - [05/Nov/2016:23:59:56 +0800] "GET /static/myCSS/myTable.css HTTP/1.1" 404 139
0:0:0:0:0:0:0:1 - - [05/Nov/2016:23:59:56 +0800] "GET /static/myCSS/myDivBt.css HTTP/1.1" 404 139
0:0:0:0:0:0:0:1 - - [05/Nov/2016:23:59:56 +0800] "GET /html/apply/history.html HTTP/1.1" 200 1319
0:0:0:0:0:0:0:1 - - [05/Nov/2016:23:59:56 +0800] "GET /static/myCSS/myDivBt.css HTTP/1.1" 404 139
0:0:0:0:0:0:0:1 - - [05/Nov/2016:23:59:56 +0800] "GET /static/myCSS/myTable.css HTTP/1.1" 404 139
0:0:0:0:0:0:0:1 - - [05/Nov/2016:23:59:56 +0800] "GET /static/myCSS/titleNav.css HTTP/1.1" 404 140
0:0:0:0:0:0:0:1 - - [05/Nov/2016:23:59:57 +0800] "GET /html/storage/history.html HTTP/1.1" 200 1435
0:0:0:0:0:0:0:1 - - [05/Nov/2016:23:59:57 +0800] "GET /static/myCSS/titleNav.css HTTP/1.1" 404 140
0:0:0:0:0:0:0:1 - - [05/Nov/2016:23:59:57 +0800] "GET /static/myCSS/myDivBt.css HTTP/1.1" 404 139
0:0:0:0:0:0:0:1 - - [05/Nov/2016:23:59:57 +0800] "GET /static/myCSS/myTable.css HTTP/1.1" 404 139
0:0:0:0:0:0:0:1 - - [05/Nov/2016:23:59:59 +0800] "GET /static/myCSS/myDivBt.css HTTP/1.1" 404 139
0:0:0:0:0:0:0:1 - - [05/Nov/2016:23:59:59 +0800] "GET /static/myCSS/titleNav.css HTTP/1.1" 404 140
0:0:0:0:0:0:0:1 - - [05/Nov/2016:23:59:59 +0800] "GET /static/myCSS/myTable.css HTTP/1.1" 404 139
0:0:0:0:0:0:0:1 - - [05/Nov/2016:23:59:59 +0800] "GET /static/myCSS/titleNav.css HTTP/1.1" 404 140
0:0:0:0:0:0:0:1 - - [05/Nov/2016:23:59:59 +0800] "GET /static/myCSS/myTable.css HTTP/1.1" 404 139
0:0:0:0:0:0:0:1 - - [05/Nov/2016:23:59:59 +0800] "GET /static/myCSS/myDivBt.css HTTP/1.1" 404 139
0:0:0:0:0:0:0:1 - - [06/Nov/2016:00:00:00 +0800] "GET /static/myCSS/myDivBt.css HTTP/1.1" 404 139
0:0:0:0:0:0:0:1 - - [06/Nov/2016:00:00:00 +0800] "GET /static/myCSS/titleNav.css HTTP/1.1" 404 140
0:0:0:0:0:0:0:1 - - [06/Nov/2016:00:00:00 +0800] "GET /static/myCSS/myTable.css HTTP/1.1" 404 139
